\BOOKMARK [0][-]{chapter.1}{Introduction}{}% 1
\BOOKMARK [1][-]{section.1.1}{Problem Statement}{chapter.1}% 2
\BOOKMARK [1][-]{section.1.2}{Context}{chapter.1}% 3
\BOOKMARK [1][-]{section.1.3}{Research Questions}{chapter.1}% 4
\BOOKMARK [1][-]{section.1.4}{Research Approach}{chapter.1}% 5
\BOOKMARK [1][-]{section.1.5}{Scope And Limitations}{chapter.1}% 6
\BOOKMARK [0][-]{chapter.2}{Analysis Of Civic Framework}{}% 7
\BOOKMARK [1][-]{section.2.1}{Architecture}{chapter.2}% 8
\BOOKMARK [1][-]{section.2.2}{Workflow}{chapter.2}% 9
\BOOKMARK [1][-]{section.2.3}{Technical Implementation}{chapter.2}% 10
\BOOKMARK [2][-]{subsection.2.3.1}{Abstract Syntax Tree}{section.2.3}% 11
\BOOKMARK [2][-]{subsection.2.3.2}{Traversals}{section.2.3}% 12
\BOOKMARK [2][-]{subsection.2.3.3}{Phases}{section.2.3}% 13
\BOOKMARK [2][-]{subsection.2.3.4}{Tree Validation}{section.2.3}% 14
\BOOKMARK [1][-]{section.2.4}{Object-Oriented Behavior}{chapter.2}% 15
\BOOKMARK [0][-]{chapter.3}{Re-Design In C\043}{}% 16
\BOOKMARK [1][-]{section.3.1}{C\043 Primer And Motivation}{chapter.3}% 17
\BOOKMARK [1][-]{section.3.2}{Type-Safe AST}{chapter.3}% 18
\BOOKMARK [1][-]{section.3.3}{Safer Traversal Mechanism}{chapter.3}% 19
\BOOKMARK [2][-]{subsection.3.3.1}{On Visitor Patterns}{section.3.3}% 20
\BOOKMARK [2][-]{subsection.3.3.2}{The Simple Solution: Using Dynamic Casts}{section.3.3}% 21
\BOOKMARK [2][-]{subsection.3.3.3}{Limitations Of The Visitor Pattern}{section.3.3}% 22
\BOOKMARK [2][-]{subsection.3.3.4}{Derivation Of The Generalized Visitor Pattern}{section.3.3}% 23
\BOOKMARK [2][-]{subsection.3.3.5}{The Generalized Visitor}{section.3.3}% 24
\BOOKMARK [2][-]{subsection.3.3.6}{Lambda Visitor}{section.3.3}% 25
\BOOKMARK [2][-]{subsection.3.3.7}{Benchmarks And Optimization}{section.3.3}% 26
\BOOKMARK [1][-]{section.3.4}{Code-Configured Architecture}{chapter.3}% 27
\BOOKMARK [1][-]{section.3.5}{Collections}{chapter.3}% 28
\BOOKMARK [1][-]{section.3.6}{Organization And Distribution}{chapter.3}% 29
\BOOKMARK [0][-]{chapter.4}{Usability And Maintenance Comparison}{}% 30
\BOOKMARK [1][-]{section.4.1}{Usability}{chapter.4}% 31
\BOOKMARK [1][-]{section.4.2}{Maintainability}{chapter.4}% 32
\BOOKMARK [0][-]{chapter.5}{Discussion}{}% 33
\BOOKMARK [0][-]{chapter.6}{References}{}% 34
